[25-07-2022 13:52:20.015761] HALMD (HAL’s MD package) 1.0-alpha6-patch193 [AdResS-branch commit 36e879ed8]
[25-07-2022 13:52:20.016382] variant: +GPU +GPU_SINGLE_PRECISION +GPU_DOUBLE_SINGLE_PRECISION +FORCE_DSFUN
[25-07-2022 13:52:20.016403] built with GNU 8.3.0 and NVCC 9.2 for Lua 5.1.4
[25-07-2022 13:52:20.016413] command line: halmd second_step.lua -v --input pore_result_small.h5
[25-07-2022 13:52:20.016425] host name: merciful.imp.fu-berlin.de
[25-07-2022 13:52:20.020100] profiler timer resolution: 1 ns
[25-07-2022 13:52:20.020795] read from H5MD file: /home/mi/tbottinelli/test_obstacle/pore_result_small.h5
[25-07-2022 13:52:20.050422] reading /particles/all/position at step 2000
[25-07-2022 13:52:20.050986] reading /particles/all/velocity at step 2000
[25-07-2022 13:52:20.051563] reading /particles/all/species at step 2000
[25-07-2022 13:52:20.051753] reading /particles/all/mass at step 2000
[25-07-2022 13:52:20.055282] reading box specification from /particles/all
[25-07-2022 13:52:20.055553] edge lengths of simulation domain: 40 10 25
[25-07-2022 13:52:20.062152] number of particles: 5350
[25-07-2022 13:52:20.062180] number of particle species: 2
[25-07-2022 13:52:20.133040] lennard_jones: potential well depths: ε = [2,2]((1,1),(1,0))
[25-07-2022 13:52:20.133106] lennard_jones: potential core width: σ = [2,2]((1,1.5),(1.5,2))
[25-07-2022 13:52:20.140570] potential cutoff length: r_c = [2,2]((2.5,1.12246),(1.12246,1.12246))
[25-07-2022 13:52:20.140603] potential cutoff energy: U = [2,2]((-0.0163169,-1),(-1,-0))
[25-07-2022 13:52:20.182660] binning (all): initial cell occupancy: 0.5
[25-07-2022 13:52:20.182706] binning (all): neighbour list skin: 0.5
[25-07-2022 13:52:20.182717] binning (all): number of cells per dimension: 13 3 8
[25-07-2022 13:52:20.182727] binning (all): edge lengths of cells: 3.07692 3.33333 3.125
[25-07-2022 13:52:20.182738] binning (all): number of placeholders per cell: 64
[25-07-2022 13:52:20.182746] binning (all): average cell occupancy: 0.267929
[25-07-2022 13:52:20.183469] neighbour (all ← all): neighbour list skin: 0.5
[25-07-2022 13:52:20.183494] neighbour (all ← all): number of placeholders per neighbour list: 152
[25-07-2022 13:52:20.183539] Hilbert sort (all): vertex recursion depth: 6
[25-07-2022 13:52:20.183905] Closing H5MD file pore_result_small.h5
[25-07-2022 13:52:20.194441] integration time step: 0.002
[25-07-2022 13:52:20.194516] random (GPU): random number generator type: rand48
[25-07-2022 13:52:20.194532] random (GPU): set RNG seed: 2336763141
[25-07-2022 13:52:20.194809] verlet_nvt_boltzmann: temperature of Boltzmann distribution: 1
[25-07-2022 13:52:20.194843] verlet_nvt_boltzmann: coupling interval: 63 steps
[25-07-2022 13:52:20.194856] verlet_nvt_boltzmann: coupling rate: 7.93651 per unit time
[25-07-2022 13:52:20.201010] integration time step: 0.002
[25-07-2022 13:52:20.207262] write to H5MD file: /home/mi/tbottinelli/test_obstacle/result_out_20220725_135219
[25-07-2022 13:52:20.216467] starting simulation run over 250000 integration steps
[25-07-2022 13:52:20.219324] binning (all): overcrowded placeholders in cell list update, increase cell size
[25-07-2022 13:52:20.219354] binning (all): number of placeholders per cell: 128
[25-07-2022 13:52:20.219365] binning (all): average cell occupancy: 0.133964
[25-07-2022 13:52:20.220719] neighbour (all ← all): overcrowded placeholders in neighbour lists update, reducing occupancy
[25-07-2022 13:52:20.220986] neighbour (all ← all): neighbour list skin: 0.5
[25-07-2022 13:52:20.221009] neighbour (all ← all): number of placeholders per neighbour list: 303
[25-07-2022 13:52:20.225822] binning (all): overcrowded placeholders in cell list update, increase cell size
[25-07-2022 13:52:20.225849] binning (all): number of placeholders per cell: 256
[25-07-2022 13:52:20.225858] binning (all): average cell occupancy: 0.0669822
[25-07-2022 13:52:20.226629] binning (all): overcrowded placeholders in cell list update, increase cell size
[25-07-2022 13:52:20.226650] binning (all): number of placeholders per cell: 512
[25-07-2022 13:52:20.226658] binning (all): average cell occupancy: 0.0334911
[25-07-2022 13:52:20.432372] binning (all): overcrowded placeholders in cell list update, increase cell size
[25-07-2022 13:52:20.432424] binning (all): number of placeholders per cell: 1024
[25-07-2022 13:52:20.432437] binning (all): average cell occupancy: 0.0167455
[25-07-2022 13:52:30.002608] 3.9 min estimated remaining runtime at step 20083
[25-07-2022 13:54:03.155447] finished simulation run
[25-07-2022 13:54:03.203533] wavevector: construct dense grid of wavevectors
[25-07-2022 13:54:03.203586] wavevector: maximum wavenumber: 31.573
[25-07-2022 13:54:03.203600] wavevector: apply filter on wavevectors: 1 0 0
[25-07-2022 13:54:03.222466] starting simulation run over 250000 integration steps
[25-07-2022 13:56:09.762955] finished simulation run
[25-07-2022 13:56:09.763177] [  0.0%] finishing simulation: 210.5 ns (4.5 ns, 2 calls)
[25-07-2022 13:56:09.763214] [  0.0%] start-up of simulation: 713 ns (98 ns, 2 calls)
[25-07-2022 13:56:09.763237] [  0.0%] update selection of a group of particles in a region: 43.917 µs (0.062 µs, 833 calls)
[25-07-2022 13:56:09.763246] [  0.0%] update selection of a group of particles in a region: 43.932 µs (0.061 µs, 833 calls)
[25-07-2022 13:56:09.763254] [  0.0%] update selection of a group of particles in a region: 43.973 µs (0.088 µs, 833 calls)
[25-07-2022 13:56:09.763262] [  0.0%] update selection of a group of particles in a region: 43.976 µs (0.064 µs, 833 calls)
[25-07-2022 13:56:09.763269] [  0.0%] update selection of a group of particles in a region: 43.993 µs (0.078 µs, 833 calls)
[25-07-2022 13:56:09.763277] [  0.0%] update selection of a group of particles in a region: 44.038 µs (0.094 µs, 833 calls)
[25-07-2022 13:56:09.763286] [  0.0%] update selection of a group of particles in a region: 44.045 µs (0.085 µs, 833 calls)
[25-07-2022 13:56:09.763309] [  0.0%] update selection of a group of particles in a region: 44.050 µs (0.082 µs, 833 calls)
[25-07-2022 13:56:09.763317] [  0.0%] update selection of a group of particles in a region: 44.057 µs (0.084 µs, 833 calls)
[25-07-2022 13:56:09.763325] [  0.0%] update selection of a group of particles in a region: 44.065 µs (0.082 µs, 833 calls)
[25-07-2022 13:56:09.763336] [  0.0%] update selection of a group of particles in a region: 44.084 µs (0.089 µs, 833 calls)
[25-07-2022 13:56:09.763344] [  0.0%] update selection of a group of particles in a region: 44.09 µs (0.11 µs, 833 calls)
[25-07-2022 13:56:09.763352] [  0.0%] update selection of a group of particles in a region: 44.11 µs (0.11 µs, 833 calls)
[25-07-2022 13:56:09.763372] [  0.0%] update selection of a group of particles in a region: 44.120 µs (0.088 µs, 833 calls)
[25-07-2022 13:56:09.763381] [  0.0%] update selection of a group of particles in a region: 44.14 µs (0.12 µs, 833 calls)
[25-07-2022 13:56:09.763403] [  0.0%] update selection of a group of particles in a region: 44.158 µs (0.094 µs, 833 calls)
[25-07-2022 13:56:09.763411] [  0.0%] update selection of a group of particles in a region: 44.166 µs (0.098 µs, 833 calls)
[25-07-2022 13:56:09.763419] [  0.0%] update selection of a group of particles in a region: 44.169 µs (0.098 µs, 833 calls)
[25-07-2022 13:56:09.763427] [  0.0%] update selection of a group of particles in a region: 44.17 µs (0.11 µs, 833 calls)
[25-07-2022 13:56:09.763435] [  0.0%] update selection of a group of particles in a region: 44.20 µs (0.11 µs, 833 calls)
[25-07-2022 13:56:09.763443] [  0.0%] update selection of a group of particles in a region: 44.207 µs (0.096 µs, 833 calls)
[25-07-2022 13:56:09.763452] [  0.0%] update selection of a group of particles in a region: 44.22 µs (0.12 µs, 833 calls)
[25-07-2022 13:56:09.763460] [  0.0%] update selection of a group of particles in a region: 44.22 µs (0.11 µs, 833 calls)
[25-07-2022 13:56:09.763468] [  0.0%] update selection of a group of particles in a region: 44.23 µs (0.1 µs, 833 calls)
[25-07-2022 13:56:09.763477] [  0.0%] update selection of a group of particles in a region: 44.24 µs (0.12 µs, 833 calls)
[25-07-2022 13:56:09.763488] [  0.0%] update selection of a group of particles in a region: 44.246 µs (0.091 µs, 833 calls)
[25-07-2022 13:56:09.763496] [  0.0%] update selection of a group of particles in a region: 44.25 µs (0.11 µs, 833 calls)
[25-07-2022 13:56:09.763506] [  0.0%] update selection of a group of particles in a region: 44.264 µs (0.091 µs, 833 calls)
[25-07-2022 13:56:09.763514] [  0.0%] update selection of a group of particles in a region: 44.29 µs (0.11 µs, 833 calls)
[25-07-2022 13:56:09.763523] [  0.0%] update selection of a group of particles in a region: 44.34 µs (0.12 µs, 833 calls)
[25-07-2022 13:56:09.763531] [  0.0%] update selection of a group of particles in a region: 44.34 µs (0.13 µs, 833 calls)
[25-07-2022 13:56:09.763540] [  0.0%] update selection of a group of particles in a region: 44.34 µs (0.11 µs, 833 calls)
[25-07-2022 13:56:09.763548] [  0.0%] update selection of a group of particles in a region: 44.39 µs (0.14 µs, 833 calls)
[25-07-2022 13:56:09.763556] [  0.0%] update selection of a group of particles in a region: 44.40 µs (0.13 µs, 833 calls)
[25-07-2022 13:56:09.763564] [  0.0%] update selection of a group of particles in a region: 44.46 µs (0.1 µs, 833 calls)
[25-07-2022 13:56:09.763573] [  0.0%] update selection of a group of particles in a region: 44.47 µs (0.15 µs, 833 calls)
[25-07-2022 13:56:09.763581] [  0.0%] update selection of a group of particles in a region: 44.51 µs (0.11 µs, 833 calls)
[25-07-2022 13:56:09.763589] [  0.0%] update selection of a group of particles in a region: 44.747 µs (0.082 µs, 833 calls)
[25-07-2022 13:56:09.763598] [  0.0%] update selection of a group of particles in a region: 45.06 µs (0.12 µs, 833 calls)
[25-07-2022 13:56:09.763606] [  0.0%] compute virial: 45.49 µs (0.11 µs, 833 calls)
[25-07-2022 13:56:09.763615] [  0.0%] compute virial: 45.506 µs (0.092 µs, 833 calls)
[25-07-2022 13:56:09.763623] [  0.0%] compute virial: 45.527 µs (0.1 µs, 833 calls)
[25-07-2022 13:56:09.763632] [  0.0%] compute virial: 45.61 µs (0.11 µs, 833 calls)
[25-07-2022 13:56:09.763640] [  0.0%] compute virial: 45.620 µs (0.098 µs, 833 calls)
[25-07-2022 13:56:09.763647] [  0.0%] compute virial: 45.62 µs (0.1 µs, 833 calls)
[25-07-2022 13:56:09.763656] [  0.0%] compute virial: 45.628 µs (0.099 µs, 833 calls)
[25-07-2022 13:56:09.763664] [  0.0%] compute virial: 45.64 µs (0.12 µs, 833 calls)
[25-07-2022 13:56:09.763672] [  0.0%] compute virial: 45.65 µs (0.14 µs, 833 calls)
[25-07-2022 13:56:09.763681] [  0.0%] compute virial: 45.65 µs (0.12 µs, 833 calls)
[25-07-2022 13:56:09.763689] [  0.0%] compute virial: 45.65 µs (0.11 µs, 833 calls)
[25-07-2022 13:56:09.763697] [  0.0%] compute virial: 45.662 µs (0.1 µs, 833 calls)
[25-07-2022 13:56:09.763706] [  0.0%] compute virial: 45.67 µs (0.11 µs, 833 calls)
[25-07-2022 13:56:09.763714] [  0.0%] compute virial: 45.673 µs (0.093 µs, 833 calls)
[25-07-2022 13:56:09.763725] [  0.0%] compute virial: 45.67 µs (0.1 µs, 833 calls)
[25-07-2022 13:56:09.763733] [  0.0%] compute virial: 45.69 µs (0.11 µs, 833 calls)
[25-07-2022 13:56:09.763742] [  0.0%] compute virial: 45.69 µs (0.12 µs, 833 calls)
[25-07-2022 13:56:09.763750] [  0.0%] compute virial: 45.70 µs (0.11 µs, 833 calls)
[25-07-2022 13:56:09.763759] [  0.0%] compute virial: 45.72 µs (0.13 µs, 833 calls)
[25-07-2022 13:56:09.763767] [  0.0%] compute virial: 45.72 µs (0.12 µs, 833 calls)
[25-07-2022 13:56:09.763775] [  0.0%] compute virial: 45.72 µs (0.16 µs, 833 calls)
[25-07-2022 13:56:09.763783] [  0.0%] compute virial: 45.73 µs (0.12 µs, 833 calls)
[25-07-2022 13:56:09.763790] [  0.0%] compute virial: 45.76 µs (0.14 µs, 833 calls)
[25-07-2022 13:56:09.763799] [  0.0%] compute virial: 45.76 µs (0.11 µs, 833 calls)
[25-07-2022 13:56:09.763807] [  0.0%] compute virial: 45.77 µs (0.12 µs, 833 calls)
[25-07-2022 13:56:09.763815] [  0.0%] compute virial: 45.80 µs (0.14 µs, 833 calls)
[25-07-2022 13:56:09.763823] [  0.0%] compute virial: 45.80 µs (0.13 µs, 833 calls)
[25-07-2022 13:56:09.763835] [  0.0%] compute virial: 45.81 µs (0.12 µs, 833 calls)
[25-07-2022 13:56:09.763843] [  0.0%] compute virial: 45.81 µs (0.13 µs, 833 calls)
[25-07-2022 13:56:09.763852] [  0.0%] compute virial: 45.82 µs (0.11 µs, 833 calls)
[25-07-2022 13:56:09.763859] [  0.0%] compute virial: 45.82 µs (0.15 µs, 833 calls)
[25-07-2022 13:56:09.763868] [  0.0%] compute virial: 45.84 µs (0.14 µs, 833 calls)
[25-07-2022 13:56:09.763876] [  0.0%] compute virial: 45.88 µs (0.15 µs, 833 calls)
[25-07-2022 13:56:09.763885] [  0.0%] compute virial: 45.92 µs (0.14 µs, 833 calls)
[25-07-2022 13:56:09.763893] [  0.0%] compute virial: 45.94 µs (0.24 µs, 833 calls)
[25-07-2022 13:56:09.763901] [  0.0%] compute virial: 46.00 µs (0.26 µs, 833 calls)
[25-07-2022 13:56:09.763910] [  0.0%] compute virial: 46.000 µs (0.091 µs, 833 calls)
[25-07-2022 13:56:09.763919] [  0.0%] compute virial: 46.04 µs (0.26 µs, 833 calls)
[25-07-2022 13:56:09.763927] [  0.0%] compute virial: 46.75 µs (0.15 µs, 833 calls)
[25-07-2022 13:56:09.763935] [  0.0%] update selection of a group of particles in a region: 47.63 µs (0.18 µs, 833 calls)
[25-07-2022 13:56:09.763943] [  0.0%] compute kinetic-energy: 47.719 µs (0.081 µs, 833 calls)
[25-07-2022 13:56:09.763952] [  0.0%] compute kinetic-energy: 47.760 µs (0.099 µs, 833 calls)
[25-07-2022 13:56:09.763962] [  0.0%] compute kinetic-energy: 47.771 µs (0.097 µs, 833 calls)
[25-07-2022 13:56:09.763970] [  0.0%] compute kinetic-energy: 47.788 µs (0.098 µs, 833 calls)
[25-07-2022 13:56:09.763979] [  0.0%] compute kinetic-energy: 47.789 µs (0.098 µs, 833 calls)
[25-07-2022 13:56:09.763988] [  0.0%] compute kinetic-energy: 47.790 µs (0.1 µs, 833 calls)
[25-07-2022 13:56:09.763996] [  0.0%] compute kinetic-energy: 47.808 µs (0.088 µs, 833 calls)
[25-07-2022 13:56:09.764004] [  0.0%] compute kinetic-energy: 47.82 µs (0.12 µs, 833 calls)
[25-07-2022 13:56:09.764012] [  0.0%] compute kinetic-energy: 47.849 µs (0.089 µs, 833 calls)
[25-07-2022 13:56:09.764021] [  0.0%] compute kinetic-energy: 47.86 µs (0.11 µs, 833 calls)
[25-07-2022 13:56:09.764030] [  0.0%] compute kinetic-energy: 47.88 µs (0.12 µs, 833 calls)
[25-07-2022 13:56:09.764038] [  0.0%] compute kinetic-energy: 47.88 µs (0.11 µs, 833 calls)
[25-07-2022 13:56:09.764046] [  0.0%] compute kinetic-energy: 47.89 µs (0.13 µs, 833 calls)
[25-07-2022 13:56:09.764054] [  0.0%] compute kinetic-energy: 47.91 µs (0.11 µs, 833 calls)
[25-07-2022 13:56:09.764062] [  0.0%] compute kinetic-energy: 47.91 µs (0.11 µs, 833 calls)
[25-07-2022 13:56:09.764070] [  0.0%] compute kinetic-energy: 47.91 µs (0.1 µs, 833 calls)
[25-07-2022 13:56:09.764078] [  0.0%] compute kinetic-energy: 47.92 µs (0.13 µs, 833 calls)
[25-07-2022 13:56:09.764086] [  0.0%] compute kinetic-energy: 47.92 µs (0.11 µs, 833 calls)
[25-07-2022 13:56:09.764094] [  0.0%] compute kinetic-energy: 47.93 µs (0.12 µs, 833 calls)
[25-07-2022 13:56:09.764102] [  0.0%] compute kinetic-energy: 47.93 µs (0.12 µs, 833 calls)
[25-07-2022 13:56:09.764110] [  0.0%] compute kinetic-energy: 47.94 µs (0.11 µs, 833 calls)
[25-07-2022 13:56:09.764119] [  0.0%] compute kinetic-energy: 47.954 µs (0.094 µs, 833 calls)
[25-07-2022 13:56:09.764127] [  0.0%] compute kinetic-energy: 47.96 µs (0.11 µs, 833 calls)
[25-07-2022 13:56:09.764135] [  0.0%] compute kinetic-energy: 47.96 µs (0.1 µs, 833 calls)
[25-07-2022 13:56:09.764143] [  0.0%] compute kinetic-energy: 47.965 µs (0.099 µs, 833 calls)
[25-07-2022 13:56:09.764150] [  0.0%] compute kinetic-energy: 47.98 µs (0.11 µs, 833 calls)
[25-07-2022 13:56:09.764159] [  0.0%] compute kinetic-energy: 47.99 µs (0.11 µs, 833 calls)
[25-07-2022 13:56:09.764167] [  0.0%] compute kinetic-energy: 47.99 µs (0.1 µs, 833 calls)
[25-07-2022 13:56:09.764176] [  0.0%] compute kinetic-energy: 48.00 µs (0.11 µs, 833 calls)
[25-07-2022 13:56:09.764184] [  0.0%] compute kinetic-energy: 48.01 µs (0.12 µs, 833 calls)
[25-07-2022 13:56:09.764192] [  0.0%] compute kinetic-energy: 48.02 µs (0.12 µs, 833 calls)
[25-07-2022 13:56:09.764200] [  0.0%] compute kinetic-energy: 48.06 µs (0.13 µs, 833 calls)
[25-07-2022 13:56:09.764210] [  0.0%] compute kinetic-energy: 48.07 µs (0.15 µs, 833 calls)
[25-07-2022 13:56:09.764219] [  0.0%] compute kinetic-energy: 48.13 µs (0.13 µs, 833 calls)
[25-07-2022 13:56:09.764228] [  0.0%] compute kinetic-energy: 48.13 µs (0.12 µs, 833 calls)
[25-07-2022 13:56:09.764237] [  0.0%] compute kinetic-energy: 48.24 µs (0.27 µs, 833 calls)
[25-07-2022 13:56:09.764245] [  0.0%] compute kinetic-energy: 48.45 µs (0.1 µs, 833 calls)
[25-07-2022 13:56:09.764253] [  0.0%] compute kinetic-energy: 48.49 µs (0.16 µs, 833 calls)
[25-07-2022 13:56:09.764261] [  0.0%] compute kinetic-energy: 49.17 µs (0.11 µs, 833 calls)
[25-07-2022 13:56:09.764270] [  0.0%] compute centre-of-mass velocity: 49.717 µs (0.098 µs, 833 calls)
[25-07-2022 13:56:09.764277] [  0.0%] compute centre-of-mass velocity: 49.81 µs (0.11 µs, 833 calls)
[25-07-2022 13:56:09.764286] [  0.0%] compute centre-of-mass velocity: 49.81 µs (0.11 µs, 833 calls)
[25-07-2022 13:56:09.764293] [  0.0%] compute centre-of-mass velocity: 49.84 µs (0.11 µs, 833 calls)
[25-07-2022 13:56:09.764302] [  0.0%] compute centre-of-mass velocity: 49.887 µs (0.09 µs, 833 calls)
[25-07-2022 13:56:09.764310] [  0.0%] compute centre-of-mass velocity: 49.90 µs (0.1 µs, 833 calls)
[25-07-2022 13:56:09.764318] [  0.0%] compute centre-of-mass velocity: 49.909 µs (0.096 µs, 833 calls)
[25-07-2022 13:56:09.764325] [  0.0%] compute centre-of-mass velocity: 49.92 µs (0.12 µs, 833 calls)
[25-07-2022 13:56:09.764333] [  0.0%] compute centre-of-mass velocity: 49.92 µs (0.1 µs, 833 calls)
[25-07-2022 13:56:09.764341] [  0.0%] compute centre-of-mass velocity: 49.94 µs (0.1 µs, 833 calls)
[25-07-2022 13:56:09.764349] [  0.0%] compute centre-of-mass velocity: 49.952 µs (0.093 µs, 833 calls)
[25-07-2022 13:56:09.764357] [  0.0%] compute virial: 49.96 µs (0.11 µs, 833 calls)
[25-07-2022 13:56:09.764365] [  0.0%] compute centre-of-mass velocity: 49.97 µs (0.11 µs, 833 calls)
[25-07-2022 13:56:09.764374] [  0.0%] compute centre-of-mass velocity: 49.98 µs (0.11 µs, 833 calls)
[25-07-2022 13:56:09.764382] [  0.0%] compute centre-of-mass velocity: 50.02 µs (0.13 µs, 833 calls)
[25-07-2022 13:56:09.764389] [  0.0%] compute centre-of-mass velocity: 50.02 µs (0.13 µs, 833 calls)
[25-07-2022 13:56:09.764397] [  0.0%] compute centre-of-mass velocity: 50.02 µs (0.1 µs, 833 calls)
[25-07-2022 13:56:09.764405] [  0.0%] compute centre-of-mass velocity: 50.04 µs (0.1 µs, 833 calls)
[25-07-2022 13:56:09.764413] [  0.0%] compute centre-of-mass velocity: 50.06 µs (0.1 µs, 833 calls)
[25-07-2022 13:56:09.764422] [  0.0%] compute centre-of-mass velocity: 50.079 µs (0.096 µs, 833 calls)
[25-07-2022 13:56:09.764430] [  0.0%] compute centre-of-mass velocity: 50.10 µs (0.13 µs, 833 calls)
[25-07-2022 13:56:09.764438] [  0.0%] compute centre-of-mass velocity: 50.10 µs (0.11 µs, 833 calls)
[25-07-2022 13:56:09.764446] [  0.0%] compute centre-of-mass velocity: 50.11 µs (0.11 µs, 833 calls)
[25-07-2022 13:56:09.764454] [  0.0%] compute centre-of-mass velocity: 50.12 µs (0.12 µs, 833 calls)
[25-07-2022 13:56:09.764462] [  0.0%] compute centre-of-mass velocity: 50.12 µs (0.11 µs, 833 calls)
[25-07-2022 13:56:09.764471] [  0.0%] compute centre-of-mass velocity: 50.18 µs (0.13 µs, 833 calls)
[25-07-2022 13:56:09.764479] [  0.0%] compute centre-of-mass velocity: 50.19 µs (0.12 µs, 833 calls)
[25-07-2022 13:56:09.764487] [  0.0%] compute centre-of-mass velocity: 50.19 µs (0.12 µs, 833 calls)
[25-07-2022 13:56:09.764496] [  0.0%] compute centre-of-mass velocity: 50.20 µs (0.13 µs, 833 calls)
[25-07-2022 13:56:09.764504] [  0.0%] compute centre-of-mass velocity: 50.21 µs (0.12 µs, 833 calls)
[25-07-2022 13:56:09.764512] [  0.0%] compute centre-of-mass velocity: 50.22 µs (0.12 µs, 833 calls)
[25-07-2022 13:56:09.764520] [  0.0%] compute centre-of-mass velocity: 50.24 µs (0.14 µs, 833 calls)
[25-07-2022 13:56:09.764529] [  0.0%] compute centre-of-mass velocity: 50.27 µs (0.15 µs, 833 calls)
[25-07-2022 13:56:09.764539] [  0.0%] compute centre-of-mass velocity: 50.29 µs (0.13 µs, 833 calls)
[25-07-2022 13:56:09.764548] [  0.0%] compute centre-of-mass velocity: 50.31 µs (0.12 µs, 833 calls)
[25-07-2022 13:56:09.764557] [  0.0%] compute centre-of-mass velocity: 50.32 µs (0.14 µs, 833 calls)
[25-07-2022 13:56:09.764566] [  0.0%] compute centre-of-mass velocity: 50.35 µs (0.13 µs, 833 calls)
[25-07-2022 13:56:09.764574] [  0.0%] compute centre-of-mass velocity: 50.37 µs (0.13 µs, 833 calls)
[25-07-2022 13:56:09.764582] [  0.0%] compute centre-of-mass velocity: 50.58 µs (0.14 µs, 833 calls)
[25-07-2022 13:56:09.764591] [  0.0%] compute centre-of-mass velocity: 50.86 µs (0.12 µs, 833 calls)
[25-07-2022 13:56:09.764598] [  0.0%] compute heat_flux: 51.856 µs (0.09 µs, 833 calls)
[25-07-2022 13:56:09.764607] [  0.0%] compute heat_flux: 51.90 µs (0.11 µs, 833 calls)
[25-07-2022 13:56:09.764615] [  0.0%] compute heat_flux: 51.95 µs (0.15 µs, 833 calls)
[25-07-2022 13:56:09.764623] [  0.0%] compute heat_flux: 51.953 µs (0.097 µs, 833 calls)
[25-07-2022 13:56:09.764631] [  0.0%] compute heat_flux: 51.97 µs (0.12 µs, 833 calls)
[25-07-2022 13:56:09.764639] [  0.0%] compute heat_flux: 52.00 µs (0.1 µs, 833 calls)
[25-07-2022 13:56:09.764647] [  0.0%] compute heat_flux: 52.02 µs (0.11 µs, 833 calls)
[25-07-2022 13:56:09.764655] [  0.0%] compute heat_flux: 52.04 µs (0.12 µs, 833 calls)
[25-07-2022 13:56:09.764663] [  0.0%] compute heat_flux: 52.05 µs (0.11 µs, 833 calls)
[25-07-2022 13:56:09.764671] [  0.0%] compute heat_flux: 52.07 µs (0.11 µs, 833 calls)
[25-07-2022 13:56:09.764679] [  0.0%] compute heat_flux: 52.08 µs (0.13 µs, 833 calls)
[25-07-2022 13:56:09.764687] [  0.0%] compute heat_flux: 52.09 µs (0.16 µs, 833 calls)
[25-07-2022 13:56:09.764695] [  0.0%] compute heat_flux: 52.09 µs (0.12 µs, 833 calls)
[25-07-2022 13:56:09.764703] [  0.0%] compute heat_flux: 52.10 µs (0.12 µs, 833 calls)
[25-07-2022 13:56:09.764711] [  0.0%] compute heat_flux: 52.10 µs (0.11 µs, 833 calls)
[25-07-2022 13:56:09.764719] [  0.0%] compute heat_flux: 52.10 µs (0.12 µs, 833 calls)
[25-07-2022 13:56:09.764727] [  0.0%] compute heat_flux: 52.12 µs (0.11 µs, 833 calls)
[25-07-2022 13:56:09.764734] [  0.0%] compute heat_flux: 52.13 µs (0.13 µs, 833 calls)
[25-07-2022 13:56:09.764743] [  0.0%] compute heat_flux: 52.13 µs (0.11 µs, 833 calls)
[25-07-2022 13:56:09.764751] [  0.0%] compute heat_flux: 52.15 µs (0.13 µs, 833 calls)
[25-07-2022 13:56:09.764758] [  0.0%] compute heat_flux: 52.16 µs (0.12 µs, 833 calls)
[25-07-2022 13:56:09.764765] [  0.0%] compute heat_flux: 52.16 µs (0.12 µs, 833 calls)
[25-07-2022 13:56:09.764773] [  0.0%] compute heat_flux: 52.17 µs (0.12 µs, 833 calls)
[25-07-2022 13:56:09.764780] [  0.0%] compute heat_flux: 52.17 µs (0.12 µs, 833 calls)
[25-07-2022 13:56:09.764789] [  0.0%] compute heat_flux: 52.20 µs (0.12 µs, 833 calls)
[25-07-2022 13:56:09.764797] [  0.0%] compute heat_flux: 52.21 µs (0.13 µs, 833 calls)
[25-07-2022 13:56:09.764805] [  0.0%] compute heat_flux: 52.21 µs (0.13 µs, 833 calls)
[25-07-2022 13:56:09.764812] [  0.0%] compute heat_flux: 52.22 µs (0.14 µs, 833 calls)
[25-07-2022 13:56:09.764819] [  0.0%] compute heat_flux: 52.24 µs (0.12 µs, 833 calls)
[25-07-2022 13:56:09.764827] [  0.0%] compute heat_flux: 52.24 µs (0.13 µs, 833 calls)
[25-07-2022 13:56:09.764835] [  0.0%] compute heat_flux: 52.27 µs (0.13 µs, 833 calls)
[25-07-2022 13:56:09.764842] [  0.0%] compute heat_flux: 52.29 µs (0.23 µs, 833 calls)
[25-07-2022 13:56:09.764850] [  0.0%] compute heat_flux: 52.30 µs (0.12 µs, 833 calls)
[25-07-2022 13:56:09.764857] [  0.0%] compute heat_flux: 52.31 µs (0.15 µs, 833 calls)
[25-07-2022 13:56:09.764865] [  0.0%] compute heat_flux: 52.33 µs (0.13 µs, 833 calls)
[25-07-2022 13:56:09.764873] [  0.0%] compute heat_flux: 52.39 µs (0.14 µs, 833 calls)
[25-07-2022 13:56:09.764880] [  0.0%] compute heat_flux: 52.39 µs (0.13 µs, 833 calls)
[25-07-2022 13:56:09.764888] [  0.0%] compute heat_flux: 52.44 µs (0.12 µs, 833 calls)
[25-07-2022 13:56:09.764897] [  0.0%] compute centre-of-mass velocity: 52.76 µs (0.12 µs, 833 calls)
[25-07-2022 13:56:09.764906] [  0.0%] compute heat_flux: 53.08 µs (0.14 µs, 833 calls)
[25-07-2022 13:56:09.764914] [  0.0%] compute virial: 44.64 µs (0.13 µs, 1000 calls)
[25-07-2022 13:56:09.764921] [  0.0%] on_append_integrate: 89.74 ns (0.17 ns, 500000 calls)
[25-07-2022 13:56:09.764930] [  0.0%] compute kinetic-energy: 54.35 µs (0.15 µs, 833 calls)
[25-07-2022 13:56:09.764937] [  0.0%] compute heat_flux: 55.27 µs (0.15 µs, 833 calls)
[25-07-2022 13:56:09.764945] [  0.0%] compute centre-of-mass velocity: 48.07 µs (0.13 µs, 1000 calls)
[25-07-2022 13:56:09.764953] [  0.0%] on_append_finalize: 96.88 ns (0.16 ns, 500000 calls)
[25-07-2022 13:56:09.764961] [  0.0%] compute kinetic-energy: 49.47 µs (0.13 µs, 1000 calls)
[25-07-2022 13:56:09.764969] [  0.0%] zero maximum displacement (all): 4.1697 µs (0.0071 µs, 24798 calls)
[25-07-2022 13:56:09.764977] [  0.0%] map particles to Hilbert curve (all): 8.421 µs (0.012 µs, 12399 calls)
[25-07-2022 13:56:09.764985] [  0.1%] computation of smooth_r4 Lennard-Jones potential and auxiliary variables: 118.834 µs (0.066 µs, 1667 calls)
[25-07-2022 13:56:09.764994] [  0.1%] preparation for integration step: 448.0 ns (1.7 ns, 500000 calls)
[25-07-2022 13:56:09.765002] [  0.1%] Boltzmann distribution: 38.052 µs (0.033 µs, 7936 calls)
[25-07-2022 13:56:09.765010] [  0.5%] computation of density modes for allfluid particles: 1.27955 ms (0.00039 ms, 833 calls)
[25-07-2022 13:56:09.765018] [  0.5%] computation of kinetic energy density modes for allfluid particles: 1.28486 ms (0.00024 ms, 833 calls)
[25-07-2022 13:56:09.765026] [  0.5%] computation of density modes for allfluid particles: 1.28974 ms (0.00022 ms, 833 calls)
[25-07-2022 13:56:09.765034] [  0.5%] on_prepend_integrate: 2.372 µs (0.011 µs, 500000 calls)
[25-07-2022 13:56:09.765042] [  2.6%] second half-step of velocity-Verlet: 11.8903 µs (0.0023 µs, 500000 calls)
[25-07-2022 13:56:09.765050] [  2.8%] first half-step of velocity-Verlet: 12.6999 µs (0.0024 µs, 500000 calls)
[25-07-2022 13:56:09.765058] [  2.8%] second half-step of velocity-Verlet: 13.0933 µs (0.0026 µs, 492064 calls)
[25-07-2022 13:56:09.765066] [  3.0%] first half-step of velocity-Verlet: 13.7904 µs (0.0026 µs, 500000 calls)
[25-07-2022 13:56:09.765074] [  3.1%] rearrange particles by permutation (all): 579.71 µs (0.36 µs, 12399 calls)
[25-07-2022 13:56:09.765082] [  3.2%] cell lists update (all): 592.21 µs (0.25 µs, 12403 calls)
[25-07-2022 13:56:09.765090] [  4.7%] compute maximum displacement (all): 21.5961 µs (0.0027 µs, 500000 calls)
[25-07-2022 13:56:09.765098] [  6.2%] on_integrate: 28.2360 µs (0.0045 µs, 500000 calls)
[25-07-2022 13:56:09.765106] [  6.2%] on_finalize: 28.6133 µs (0.0079 µs, 500000 calls)
[25-07-2022 13:56:09.765114] [  6.2%] order particles along Hilbert curve (all): 1.15513 ms (0.00062 ms, 12399 calls)
[25-07-2022 13:56:09.765122] [  7.7%] update selection of a group of particles in a region: 35.5312 µs (0.0047 µs, 500001 calls)
[25-07-2022 13:56:09.765130] [  8.0%] update selection of a group of particles in a region: 36.6291 µs (0.0045 µs, 500001 calls)
[25-07-2022 13:56:09.765138] [ 13.0%] evaluation of observables: 59.5 µs (3.5 µs, 500000 calls)
[25-07-2022 13:56:09.765146] [ 14.8%] update of neighbour lists (all ← all): 2.73289 ms (0.0007 ms, 12400 calls)
[25-07-2022 13:56:09.765154] [ 24.7%] computation of smooth_r4 Lennard-Jones potential: 113.7487 µs (0.0051 µs, 498334 calls)
[25-07-2022 13:56:09.765163] [ 73.8%] on_prepend_finalize: 338.87 µs (0.99 µs, 500000 calls)
[25-07-2022 13:56:09.765171] [ 86.9%] MD integration step: 398.71 µs (0.99 µs, 500000 calls)
[25-07-2022 13:56:09.765179] [100.0%] total simulation runtime: 1.91 min (0.2 min, 2 calls)
[25-07-2022 13:56:09.806540] HALMD exit
